2022-03-01 21:22:27:2227 - [32minfo[39m: [32mAplicação está funcionando na porta 3000.[39m
2022-03-01 21:23:13:2313 - [32minfo[39m: [32mAplicação está funcionando na porta 3000.[39m
2022-03-01 21:24:01:241 - [32minfo[39m: [32mConectou ao banco de dados![39m
2022-03-01 21:24:01:241 - [32minfo[39m: [32mAplicação está funcionando na porta 3000.[39m
2022-03-01 21:24:31:2431 - [31merror[39m: [31mNão foi possível conectar ao banco de dados.[39m
2022-03-01 21:24:31:2431 - [31merror[39m: [31mErro: Error: querySrv ENOTFOUND _mongodb._tcp.cluster-one.smhpk.monegodb.net[39m
2022-03-01 21:24:31:2431 - [32minfo[39m: [32mAplicação está funcionando na porta 3000.[39m
2022-03-01 21:24:38:2438 - [32minfo[39m: [32mConectou ao banco de dados![39m
2022-03-01 21:24:38:2438 - [32minfo[39m: [32mAplicação está funcionando na porta 3000.[39m
2022-03-01 21:28:34:2834 - [32minfo[39m: [32mConectou ao banco de dados![39m
2022-03-01 21:28:34:2834 - [32minfo[39m: [32mAplicação está funcionando na porta 3000.[39m
2022-03-01 21:28:40:2840 - [31merror[39m: [31mNão foi possível conectar ao banco de dados.[39m
2022-03-01 21:28:50:2850 - [32minfo[39m: [32mConectou ao banco de dados![39m
2022-03-01 21:28:50:2850 - [32minfo[39m: [32mAplicação está funcionando na porta 3000.[39m
2022-03-01 21:36:00:360 - [32minfo[39m: [32mConectou ao banco de dados![39m
2022-03-01 21:36:00:360 - [32minfo[39m: [32mAplicação está funcionando na porta 3000.[39m
2022-03-01 21:36:34:3634 - [32minfo[39m: [32mConectou ao banco de dados![39m
2022-03-01 21:36:34:3634 - [32minfo[39m: [32mAplicação está funcionando na porta 3000.[39m
2022-03-01 21:37:10:3710 - [32minfo[39m: [32mConectou ao banco de dados![39m
2022-03-01 21:37:10:3710 - [32minfo[39m: [32mAplicação está funcionando na porta 3000.[39m
2022-03-01 21:37:18:3718 - [35mhttp[39m: [35mGET /api/test 200 12 - 3.084 ms[39m
[35m[39m
