2022-03-01 21:22:27:2227 - [32minfo[39m: [32mAplicação está funcionando na porta 3000.[39m
2022-03-01 21:23:13:2313 - [32minfo[39m: [32mAplicação está funcionando na porta 3000.[39m
2022-03-01 21:24:01:241 - [32minfo[39m: [32mConectou ao banco de dados![39m
2022-03-01 21:24:01:241 - [32minfo[39m: [32mAplicação está funcionando na porta 3000.[39m
2022-03-01 21:24:31:2431 - [31merror[39m: [31mNão foi possível conectar ao banco de dados.[39m
2022-03-01 21:24:31:2431 - [31merror[39m: [31mErro: Error: querySrv ENOTFOUND _mongodb._tcp.cluster-one.smhpk.monegodb.net[39m
2022-03-01 21:24:31:2431 - [32minfo[39m: [32mAplicação está funcionando na porta 3000.[39m
2022-03-01 21:24:38:2438 - [32minfo[39m: [32mConectou ao banco de dados![39m
2022-03-01 21:24:38:2438 - [32minfo[39m: [32mAplicação está funcionando na porta 3000.[39m
2022-03-01 21:28:34:2834 - [32minfo[39m: [32mConectou ao banco de dados![39m
2022-03-01 21:28:34:2834 - [32minfo[39m: [32mAplicação está funcionando na porta 3000.[39m
2022-03-01 21:28:40:2840 - [31merror[39m: [31mNão foi possível conectar ao banco de dados.[39m
2022-03-01 21:28:50:2850 - [32minfo[39m: [32mConectou ao banco de dados![39m
2022-03-01 21:28:50:2850 - [32minfo[39m: [32mAplicação está funcionando na porta 3000.[39m
2022-03-01 21:36:00:360 - [32minfo[39m: [32mConectou ao banco de dados![39m
2022-03-01 21:36:00:360 - [32minfo[39m: [32mAplicação está funcionando na porta 3000.[39m
2022-03-01 21:36:34:3634 - [32minfo[39m: [32mConectou ao banco de dados![39m
2022-03-01 21:36:34:3634 - [32minfo[39m: [32mAplicação está funcionando na porta 3000.[39m
2022-03-01 21:37:10:3710 - [32minfo[39m: [32mConectou ao banco de dados![39m
2022-03-01 21:37:10:3710 - [32minfo[39m: [32mAplicação está funcionando na porta 3000.[39m
2022-03-01 21:37:18:3718 - [35mhttp[39m: [35mGET /api/test 200 12 - 3.084 ms[39m
[35m[39m
2022-03-23 15:10:27:1027 - [32minfo[39m: [32mConectou ao banco de dados![39m
2022-03-23 15:10:27:1027 - [32minfo[39m: [32mAplicação está funcionando na porta 3000.[39m
2022-03-23 15:11:12:1112 - [35mhttp[39m: [35mGET /api/movie 404 148 - 1.639 ms[39m
[35m[39m
2022-03-23 15:11:48:1148 - [35mhttp[39m: [35mPOST /api/movie 200 22 - 1.722 ms[39m
[35m[39m
2022-03-23 15:16:19:1619 - [32minfo[39m: [32mConectou ao banco de dados![39m
2022-03-23 15:16:19:1619 - [32minfo[39m: [32mAplicação está funcionando na porta 3000.[39m
2022-03-23 15:17:04:174 - [32minfo[39m: [32mConectou ao banco de dados![39m
2022-03-23 15:17:04:174 - [32minfo[39m: [32mAplicação está funcionando na porta 3000.[39m
2022-03-23 15:17:06:176 - [35mhttp[39m: [35mPOST /api/movie 201 155 - 63.487 ms[39m
[35m[39m
2022-03-23 15:25:31:2531 - [32minfo[39m: [32mConectou ao banco de dados![39m
2022-03-23 15:25:31:2531 - [32minfo[39m: [32mAplicação está funcionando na porta 3000.[39m
2022-03-23 15:29:34:2934 - [32minfo[39m: [32mConectou ao banco de dados![39m
2022-03-23 15:29:34:2934 - [32minfo[39m: [32mAplicação está funcionando na porta 3000.[39m
2022-03-23 15:29:49:2949 - [35mhttp[39m: [35mPOST /api/movie 422 50 - 3.788 ms[39m
[35m[39m
2022-03-23 15:30:56:3056 - [32minfo[39m: [32mConectou ao banco de dados![39m
2022-03-23 15:30:56:3056 - [32minfo[39m: [32mAplicação está funcionando na porta 3000.[39m
2022-03-23 15:31:06:316 - [35mhttp[39m: [35mPOST /api/movie 422 70 - 4.182 ms[39m
[35m[39m
2022-03-23 15:31:52:3152 - [32minfo[39m: [32mConectou ao banco de dados![39m
2022-03-23 15:31:52:3152 - [32minfo[39m: [32mAplicação está funcionando na porta 3000.[39m
2022-03-23 15:33:38:3338 - [32minfo[39m: [32mConectou ao banco de dados![39m
2022-03-23 15:33:38:3338 - [32minfo[39m: [32mAplicação está funcionando na porta 3000.[39m
2022-03-23 15:33:58:3358 - [35mhttp[39m: [35mPOST /api/movie 422 57 - 4.412 ms[39m
[35m[39m
2022-03-23 15:34:02:342 - [35mhttp[39m: [35mPOST /api/movie 201 162 - 56.473 ms[39m
[35m[39m
2022-03-23 15:35:08:358 - [35mhttp[39m: [35mPOST /api/movie 201 187 - 37.986 ms[39m
[35m[39m
2022-03-23 15:35:15:3515 - [32minfo[39m: [32mConectou ao banco de dados![39m
2022-03-23 15:35:15:3515 - [32minfo[39m: [32mAplicação está funcionando na porta 3000.[39m
2022-03-23 15:35:49:3549 - [32minfo[39m: [32mConectou ao banco de dados![39m
2022-03-23 15:35:49:3549 - [32minfo[39m: [32mAplicação está funcionando na porta 3000.[39m
2022-03-23 15:36:06:366 - [35mhttp[39m: [35mPOST /api/movie 422 61 - 5.459 ms[39m
[35m[39m
2022-03-23 15:36:11:3611 - [35mhttp[39m: [35mPOST /api/movie 201 205 - 50.783 ms[39m
[35m[39m
2022-03-23 15:36:34:3634 - [32minfo[39m: [32mConectou ao banco de dados![39m
2022-03-23 15:36:34:3634 - [32minfo[39m: [32mAplicação está funcionando na porta 3000.[39m
2022-03-23 15:36:45:3645 - [35mhttp[39m: [35mPOST /api/movie 422 54 - 5.745 ms[39m
[35m[39m
2022-03-23 15:37:09:379 - [35mhttp[39m: [35mPOST /api/movie 201 239 - 55.547 ms[39m
[35m[39m
2022-03-23 15:40:14:4014 - [32minfo[39m: [32mConectou ao banco de dados![39m
2022-03-23 15:40:14:4014 - [32minfo[39m: [32mAplicação está funcionando na porta 3000.[39m
2022-03-23 15:41:09:419 - [32minfo[39m: [32mConectou ao banco de dados![39m
2022-03-23 15:41:09:419 - [32minfo[39m: [32mAplicação está funcionando na porta 3000.[39m
2022-03-23 15:42:26:4226 - [35mhttp[39m: [35mGET /api/movie/623b68d59e68526d86fd11e6 - - - - ms[39m
[35m[39m
2022-03-23 15:42:34:4234 - [35mhttp[39m: [35mGET /api/movie/623b68d59e68526d86fd11e6 - - - - ms[39m
[35m[39m
2022-03-23 15:43:42:4342 - [35mhttp[39m: [35mGET /api/movie/623b68d59e68526d86fd11e6 - - - - ms[39m
[35m[39m
2022-03-23 15:43:43:4343 - [31merror[39m: [31mErro no sistema: Cast to ObjectId failed for value "623b68d59e68526d86fd11e6e" (type string) at path "_id" for model "Movie"[39m
2022-03-23 15:43:54:4354 - [35mhttp[39m: [35mGET /api/movie/623b68d59e68526d86fd11e6e - - - - ms[39m
[35m[39m
2022-03-23 15:46:22:4622 - [35mhttp[39m: [35mGET /api/movie/623b68d59e68526d86fd11e6 - - - - ms[39m
[35m[39m
2022-03-23 15:46:53:4653 - [32minfo[39m: [32mConectou ao banco de dados![39m
2022-03-23 15:46:53:4653 - [32minfo[39m: [32mAplicação está funcionando na porta 3000.[39m
2022-03-23 15:47:00:470 - [35mhttp[39m: [35mGET /api/movie/623b68d59e68526d86fd11e6 200 239 - 47.282 ms[39m
[35m[39m
2022-03-23 15:49:20:4920 - [32minfo[39m: [32mConectou ao banco de dados![39m
2022-03-23 15:49:20:4920 - [32minfo[39m: [32mAplicação está funcionando na porta 3000.[39m
2022-03-23 15:49:59:4959 - [32minfo[39m: [32mConectou ao banco de dados![39m
2022-03-23 15:49:59:4959 - [32minfo[39m: [32mAplicação está funcionando na porta 3000.[39m
2022-03-23 15:50:04:504 - [35mhttp[39m: [35mGET /api/movie/ 200 1110 - 39.155 ms[39m
[35m[39m
2022-03-23 15:51:21:5121 - [32minfo[39m: [32mConectou ao banco de dados![39m
2022-03-23 15:51:21:5121 - [32minfo[39m: [32mAplicação está funcionando na porta 3000.[39m
2022-03-23 15:51:45:5145 - [32minfo[39m: [32mConectou ao banco de dados![39m
2022-03-23 15:51:45:5145 - [32minfo[39m: [32mAplicação está funcionando na porta 3000.[39m
2022-03-23 15:52:04:524 - [32minfo[39m: [32mConectou ao banco de dados![39m
2022-03-23 15:52:04:524 - [32minfo[39m: [32mAplicação está funcionando na porta 3000.[39m
2022-03-23 15:54:03:543 - [32minfo[39m: [32mConectou ao banco de dados![39m
2022-03-23 15:54:03:543 - [32minfo[39m: [32mAplicação está funcionando na porta 3000.[39m
2022-03-23 15:54:56:5456 - [32minfo[39m: [32mConectou ao banco de dados![39m
2022-03-23 15:54:56:5456 - [32minfo[39m: [32mAplicação está funcionando na porta 3000.[39m
2022-03-23 15:55:32:5532 - [31merror[39m: [31mErro no sistema: Cast to ObjectId failed for value "623b63f7fb58fac53abafa8ce" (type string) at path "_id" for model "Movie"[39m
2022-03-23 15:55:32:5532 - [35mhttp[39m: [35mDELETE /api/movie/623b63f7fb58fac53abafa8ce 500 39 - 6.223 ms[39m
[35m[39m
2022-03-23 15:56:09:569 - [35mhttp[39m: [35mDELETE /api/movie/623b63f7fb58fac53abafa8c - - - - ms[39m
[35m[39m
2022-03-23 15:56:41:5641 - [32minfo[39m: [32mConectou ao banco de dados![39m
2022-03-23 15:56:41:5641 - [32minfo[39m: [32mAplicação está funcionando na porta 3000.[39m
2022-03-23 15:57:09:579 - [35mhttp[39m: [35mDELETE /api/movie/623b63f7fb58fac53abafa8c 200 36 - 75.464 ms[39m
[35m[39m
2022-03-23 15:58:57:5857 - [32minfo[39m: [32mConectou ao banco de dados![39m
2022-03-23 15:58:57:5857 - [32minfo[39m: [32mAplicação está funcionando na porta 3000.[39m
2022-03-23 15:59:32:5932 - [32minfo[39m: [32mConectou ao banco de dados![39m
2022-03-23 15:59:32:5932 - [32minfo[39m: [32mAplicação está funcionando na porta 3000.[39m
2022-03-23 16:00:02:02 - [31merror[39m: [31mErro no sistema: Cast to ObjectId failed for value "623b63f7fb58fac53abafa8ce" (type string) at path "_id" for model "Movie"[39m
2022-03-23 16:00:02:02 - [35mhttp[39m: [35mPATCH /api/movie/623b63f7fb58fac53abafa8ce 500 39 - 6.257 ms[39m
[35m[39m
2022-03-23 16:01:14:114 - [32minfo[39m: [32mConectou ao banco de dados![39m
2022-03-23 16:01:14:114 - [32minfo[39m: [32mAplicação está funcionando na porta 3000.[39m
2022-03-23 16:01:21:121 - [32minfo[39m: [32mConectou ao banco de dados![39m
2022-03-23 16:01:21:121 - [32minfo[39m: [32mAplicação está funcionando na porta 3000.[39m
2022-03-23 16:02:38:238 - [32minfo[39m: [32mConectou ao banco de dados![39m
2022-03-23 16:02:38:238 - [32minfo[39m: [32mAplicação está funcionando na porta 3000.[39m
2022-03-23 16:14:52:1452 - [32minfo[39m: [32mConectou ao banco de dados![39m
2022-03-23 16:14:52:1452 - [32minfo[39m: [32mAplicação está funcionando na porta 3000.[39m
